<?xml version="1.0" encoding="UTF-8"?>
<testsuite name="com.subscription.poc.data.billing.BillingClientWrapperTest" tests="8" skipped="0" failures="0" errors="0" timestamp="2026-01-20T12:58:50.709Z" hostname="Mac-mini-de-Nicolas-Martino.local" time="2.644">
  <properties/>
  <testcase name="startConnection should resume failure on error response" classname="com.subscription.poc.data.billing.BillingClientWrapperTest" time="1.561"/>
  <testcase name="launchBillingFlow should resume Success on OK response" classname="com.subscription.poc.data.billing.BillingClientWrapperTest" time="0.513"/>
  <testcase name="onPurchasesUpdated should emit success when purchased" classname="com.subscription.poc.data.billing.BillingClientWrapperTest" time="0.128"/>
  <testcase name="endConnection should clear billingClient and call endConnection" classname="com.subscription.poc.data.billing.BillingClientWrapperTest" time="0.089"/>
  <testcase name="startConnection should resume success on OK response" classname="com.subscription.poc.data.billing.BillingClientWrapperTest" time="0.084"/>
  <testcase name="queryActiveSubscriptions should return success when client is ready" classname="com.subscription.poc.data.billing.BillingClientWrapperTest" time="0.093"/>
  <testcase name="acknowledgePurchase should resume success on OK response" classname="com.subscription.poc.data.billing.BillingClientWrapperTest" time="0.087"/>
  <testcase name="querySubscriptionProducts should return success when client is ready" classname="com.subscription.poc.data.billing.BillingClientWrapperTest" time="0.087"/>
  <system-out><![CDATA[]]></system-out>
  <system-err><![CDATA[]]></system-err>
</testsuite>
