<?xml version="1.0" encoding="UTF-8"?>
<testsuite name="com.subscription.poc.presentation.subscription.SubscriptionScreenTest" tests="6" skipped="0" failures="0" errors="0" timestamp="2026-01-20T12:58:57.272Z" hostname="Mac-mini-de-Nicolas-Martino.local" time="3.334">
  <properties/>
  <testcase name="subscriptionScreen_showsError" classname="com.subscription.poc.presentation.subscription.SubscriptionScreenTest" time="2.848"/>
  <testcase name="subscriptionScreen_togglesLayout" classname="com.subscription.poc.presentation.subscription.SubscriptionScreenTest" time="0.227"/>
  <testcase name="subscriptionScreen_displaysPlans" classname="com.subscription.poc.presentation.subscription.SubscriptionScreenTest" time="0.054"/>
  <testcase name="subscriptionScreen_refreshesOnResume" classname="com.subscription.poc.presentation.subscription.SubscriptionScreenTest" time="0.047"/>
  <testcase name="subscriptionScreen_showsLoading" classname="com.subscription.poc.presentation.subscription.SubscriptionScreenTest" time="0.054"/>
  <testcase name="subscriptionScreen_showsActiveSubscriptionAndManageButton" classname="com.subscription.poc.presentation.subscription.SubscriptionScreenTest" time="0.103"/>
  <system-out><![CDATA[]]></system-out>
  <system-err><![CDATA[]]></system-err>
</testsuite>
