<?xml version="1.0" encoding="UTF-8"?>
<testsuite name="com.subscription.poc.presentation.subscription.SubscriptionViewModelTest" tests="7" skipped="0" failures="0" errors="0" timestamp="2026-01-20T12:59:00.607Z" hostname="Mac-mini-de-Nicolas-Martino.local" time="0.145">
  <properties/>
  <testcase name="toggleLayoutMode should switch layout state" classname="com.subscription.poc.presentation.subscription.SubscriptionViewModelTest" time="0.118"/>
  <testcase name="loadSubscriptionPlans should update state with error on failure" classname="com.subscription.poc.presentation.subscription.SubscriptionViewModelTest" time="0.003"/>
  <testcase name="manageSubscription should call manageSubscriptionUseCase" classname="com.subscription.poc.presentation.subscription.SubscriptionViewModelTest" time="0.005"/>
  <testcase name="clearPurchaseResult should reset purchase state" classname="com.subscription.poc.presentation.subscription.SubscriptionViewModelTest" time="0.005"/>
  <testcase name="purchaseSubscription should update state correctly" classname="com.subscription.poc.presentation.subscription.SubscriptionViewModelTest" time="0.007"/>
  <testcase name="clearError should clear error message" classname="com.subscription.poc.presentation.subscription.SubscriptionViewModelTest" time="0.004"/>
  <testcase name="initial state should load subscription plans" classname="com.subscription.poc.presentation.subscription.SubscriptionViewModelTest" time="0.003"/>
  <system-out><![CDATA[]]></system-out>
  <system-err><![CDATA[]]></system-err>
</testsuite>
