<?xml version="1.0" encoding="UTF-8"?>
<testsuite name="com.subscription.poc.domain.usecase.PurchaseSubscriptionUseCaseTest" tests="3" skipped="0" failures="0" errors="0" timestamp="2026-01-20T12:58:57.260Z" hostname="Mac-mini-de-Nicolas-Martino.local" time="0.007">
  <properties/>
  <testcase name="invoke should return error when purchase fails" classname="com.subscription.poc.domain.usecase.PurchaseSubscriptionUseCaseTest" time="0.002"/>
  <testcase name="invoke should return success when purchase succeeds" classname="com.subscription.poc.domain.usecase.PurchaseSubscriptionUseCaseTest" time="0.004"/>
  <testcase name="invoke should return user cancelled when user cancels" classname="com.subscription.poc.domain.usecase.PurchaseSubscriptionUseCaseTest" time="0.001"/>
  <system-out><![CDATA[]]></system-out>
  <system-err><![CDATA[]]></system-err>
</testsuite>
